app/build/intermediates/manifest_merge_blame_file/debug/processDebugMainManifest/manifest-merger-blame-debug-report.txt
1<?xml version="1.0" encoding="utf-8"?>
2<manifest xmlns:android="http://schemas.android.com/apk/res/android"
3    package="com.signalscope.app"
4    android:versionCode="1"
5    android:versionName="1.0.0" >
6
7    <uses-sdk
7-->INJECTED
8        android:minSdkVersion="26"
8-->INJECTED
9        android:targetSdkVersion="34" />
9-->INJECTED
10
11    <uses-permission android:name="android.permission.INTERNET" />
11-->src\main\AndroidManifest.xml:4:5-67
11-->src\main\AndroidManifest.xml:4:22-64
12    <uses-permission android:name="android.permission.FOREGROUND_SERVICE" />
12-->src\main\AndroidManifest.xml:5:5-77
12-->src\main\AndroidManifest.xml:5:22-74
13    <uses-permission android:name="android.permission.FOREGROUND_SERVICE_DATA_SYNC" />
13-->src\main\AndroidManifest.xml:6:5-87
13-->src\main\AndroidManifest.xml:6:22-84
14    <uses-permission android:name="android.permission.POST_NOTIFICATIONS" />
14-->src\main\AndroidManifest.xml:7:5-77
14-->src\main\AndroidManifest.xml:7:22-74
15    <uses-permission android:name="android.permission.RECEIVE_BOOT_COMPLETED" />
15-->src\main\AndroidManifest.xml:8:5-81
15-->src\main\AndroidManifest.xml:8:22-78
16    <uses-permission android:name="android.permission.WAKE_LOCK" />
16-->src\main\AndroidManifest.xml:9:5-68
16-->src\main\AndroidManifest.xml:9:22-65
17    <uses-permission android:name="android.permission.REQUEST_IGNORE_BATTERY_OPTIMIZATIONS" />
17-->src\main\AndroidManifest.xml:10:5-95
17-->src\main\AndroidManifest.xml:10:22-92
18    <uses-permission android:name="android.permission.VIBRATE" />
18-->src\main\AndroidManifest.xml:11:5-66
18-->src\main\AndroidManifest.xml:11:22-63
19    <!--
20         WiFi lock keeps the radio awake during long scans so packets don't drop
21         when the screen turns off / phone goes idle (root cause of mid-scan stalls).
22    -->
23    <uses-permission android:name="android.permission.ACCESS_WIFI_STATE" />
23-->src\main\AndroidManifest.xml:14:5-76
23-->src\main\AndroidManifest.xml:14:22-73
24    <!--
25         AlarmManager wake-ups for the automatic ROBUST discovery schedule
26         (every 2h during market hours). Inexact is enough — we don't need
27         to-the-second precision and inexact survives Doze better.
28    -->
29    <uses-permission android:name="android.permission.SCHEDULE_EXACT_ALARM" />
29-->src\main\AndroidManifest.xml:18:5-79
29-->src\main\AndroidManifest.xml:18:22-76
30    <uses-permission android:name="android.permission.ACCESS_NETWORK_STATE" />
30-->[androidx.work:work-runtime:2.9.0] AndroidManifest.xml:24:5-79
30-->[androidx.work:work-runtime:2.9.0] AndroidManifest.xml:24:22-76
31
32    <permission
32-->[androidx.core:core:1.12.0] AndroidManifest.xml:22:5-24:47
33        android:name="com.signalscope.app.DYNAMIC_RECEIVER_NOT_EXPORTED_PERMISSION"
33-->[androidx.core:core:1.12.0] AndroidManifest.xml:23:9-81
34        android:protectionLevel="signature" />
34-->[androidx.core:core:1.12.0] AndroidManifest.xml:24:9-44
35
36    <uses-permission android:name="com.signalscope.app.DYNAMIC_RECEIVER_NOT_EXPORTED_PERMISSION" />
36-->[androidx.core:core:1.12.0] AndroidManifest.xml:26:5-97
36-->[androidx.core:core:1.12.0] AndroidManifest.xml:26:22-94
37
38    <application
38-->src\main\AndroidManifest.xml:20:5-92:19
39        android:name="com.signalscope.app.SignalScopeApp"
39-->src\main\AndroidManifest.xml:21:9-39
40        android:allowBackup="true"
40-->src\main\AndroidManifest.xml:22:9-35
41        android:appComponentFactory="androidx.core.app.CoreComponentFactory"
41-->[androidx.core:core:1.12.0] AndroidManifest.xml:28:18-86
42        android:dataExtractionRules="@xml/backup_rules"
42-->src\main\AndroidManifest.xml:23:9-56
43        android:debuggable="true"
44        android:extractNativeLibs="false"
44-->INJECTED
45        android:fullBackupContent="false"
45-->src\main\AndroidManifest.xml:24:9-42
46        android:icon="@mipmap/ic_launcher"
46-->src\main\AndroidManifest.xml:25:9-43
47        android:label="SignalScope"
47-->src\main\AndroidManifest.xml:26:9-36
48        android:networkSecurityConfig="@xml/network_security_config"
48-->src\main\AndroidManifest.xml:29:9-69
49        android:supportsRtl="true"
49-->src\main\AndroidManifest.xml:27:9-35
50        android:theme="@style/Theme.SignalScope" >
50-->src\main\AndroidManifest.xml:28:9-49
51        <activity
51-->src\main\AndroidManifest.xml:31:9-39:20
52            android:name="com.signalscope.app.ui.PasswordActivity"
52-->src\main\AndroidManifest.xml:32:13-48
53            android:exported="true"
53-->src\main\AndroidManifest.xml:33:13-36
54            android:screenOrientation="portrait" >
54-->src\main\AndroidManifest.xml:34:13-49
55            <intent-filter>
55-->src\main\AndroidManifest.xml:35:13-38:29
56                <action android:name="android.intent.action.MAIN" />
56-->src\main\AndroidManifest.xml:36:17-69
56-->src\main\AndroidManifest.xml:36:25-66
57
58                <category android:name="android.intent.category.LAUNCHER" />
58-->src\main\AndroidManifest.xml:37:17-77
58-->src\main\AndroidManifest.xml:37:27-74
59            </intent-filter>
60        </activity>
61
62        <!--
63             MainActivity: rotation supported for wide-angle view.
64             configChanges so the Activity handles orientation in-place (no
65             destroy/recreate) — preserves the WebView state, in-flight AI
66             callbacks, and scan-service poll handlers across rotation.
67        -->
68        <activity
68-->src\main\AndroidManifest.xml:45:9-49:90
69            android:name="com.signalscope.app.ui.MainActivity"
69-->src\main\AndroidManifest.xml:46:13-44
70            android:configChanges="orientation|screenSize|screenLayout|keyboardHidden"
70-->src\main\AndroidManifest.xml:49:13-87
71            android:exported="false"
71-->src\main\AndroidManifest.xml:47:13-37
72            android:launchMode="singleTop" />
72-->src\main\AndroidManifest.xml:48:13-43
73        <activity
73-->src\main\AndroidManifest.xml:51:9-55:61
74            android:name="com.signalscope.app.ui.SettingsActivity"
74-->src\main\AndroidManifest.xml:52:13-48
75            android:configChanges="orientation|screenSize|screenLayout|keyboardHidden"
75-->src\main\AndroidManifest.xml:54:13-87
76            android:exported="false"
76-->src\main\AndroidManifest.xml:53:13-37
77            android:parentActivityName="com.signalscope.app.ui.MainActivity" />
77-->src\main\AndroidManifest.xml:55:13-58
78
79        <!-- Background scanning service -->
80        <service
80-->src\main\AndroidManifest.xml:58:9-61:56
81            android:name="com.signalscope.app.service.ScanService"
81-->src\main\AndroidManifest.xml:59:13-48
82            android:exported="false"
82-->src\main\AndroidManifest.xml:60:13-37
83            android:foregroundServiceType="dataSync" />
83-->src\main\AndroidManifest.xml:61:13-53
84
85        <!-- Boot receiver to restart scanning on reboot -->
86        <receiver
86-->src\main\AndroidManifest.xml:64:9-72:20
87            android:name="com.signalscope.app.service.BootReceiver"
87-->src\main\AndroidManifest.xml:65:13-49
88            android:enabled="true"
88-->src\main\AndroidManifest.xml:67:13-35
89            android:exported="true" >
89-->src\main\AndroidManifest.xml:66:13-36
90            <intent-filter>
90-->src\main\AndroidManifest.xml:68:13-71:29
91                <action android:name="android.intent.action.BOOT_COMPLETED" />
91-->src\main\AndroidManifest.xml:69:17-79
91-->src\main\AndroidManifest.xml:69:25-76
92                <action android:name="android.intent.action.QUICKBOOT_POWERON" />
92-->src\main\AndroidManifest.xml:70:17-82
92-->src\main\AndroidManifest.xml:70:25-79
93            </intent-filter>
94        </receiver>
95
96        <!--
97             AlarmManager receiver: fires every 2h during market hours
98             to start an automatic ROBUST NIFTY 500 discovery scan.
99             Not exported — only the OS alarm system pokes it.
100        -->
101        <receiver
101-->src\main\AndroidManifest.xml:77:9-79:40
102            android:name="com.signalscope.app.service.AutoDiscoveryReceiver"
102-->src\main\AndroidManifest.xml:78:13-58
103            android:exported="false" />
103-->src\main\AndroidManifest.xml:79:13-37
104
105        <!-- FileProvider for sharing PDFs from cache -->
106        <provider
106-->INJECTED
107            android:name="androidx.core.content.FileProvider"
107-->src\main\AndroidManifest.xml:83:13-62
108            android:authorities="com.signalscope.app.fileprovider"
108-->INJECTED
109            android:exported="false"
109-->src\main\AndroidManifest.xml:85:13-37
110            android:grantUriPermissions="true" >
110-->src\main\AndroidManifest.xml:86:13-47
111            <meta-data
111-->src\main\AndroidManifest.xml:87:13-89:54
112                android:name="android.support.FILE_PROVIDER_PATHS"
112-->src\main\AndroidManifest.xml:88:17-67
113                android:resource="@xml/file_paths" />
113-->src\main\AndroidManifest.xml:89:17-51
114        </provider>
115        <provider
115-->[androidx.emoji2:emoji2:1.2.0] AndroidManifest.xml:24:9-32:20
116            android:name="androidx.startup.InitializationProvider"
116-->[androidx.emoji2:emoji2:1.2.0] AndroidManifest.xml:25:13-67
117            android:authorities="com.signalscope.app.androidx-startup"
117-->[androidx.emoji2:emoji2:1.2.0] AndroidManifest.xml:26:13-68
118            android:exported="false" >
118-->[androidx.emoji2:emoji2:1.2.0] AndroidManifest.xml:27:13-37
119            <meta-data
119-->[androidx.emoji2:emoji2:1.2.0] AndroidManifest.xml:29:13-31:52
120                android:name="androidx.emoji2.text.EmojiCompatInitializer"
120-->[androidx.emoji2:emoji2:1.2.0] AndroidManifest.xml:30:17-75
121                android:value="androidx.startup" />
121-->[androidx.emoji2:emoji2:1.2.0] AndroidManifest.xml:31:17-49
122            <meta-data
122-->[androidx.work:work-runtime:2.9.0] AndroidManifest.xml:34:13-36:52
123                android:name="androidx.work.WorkManagerInitializer"
123-->[androidx.work:work-runtime:2.9.0] AndroidManifest.xml:35:17-68
124                android:value="androidx.startup" />
124-->[androidx.work:work-runtime:2.9.0] AndroidManifest.xml:36:17-49
125            <meta-data
125-->[androidx.lifecycle:lifecycle-process:2.7.0] AndroidManifest.xml:29:13-31:52
126                android:name="androidx.lifecycle.ProcessLifecycleInitializer"
126-->[androidx.lifecycle:lifecycle-process:2.7.0] AndroidManifest.xml:30:17-78
127                android:value="androidx.startup" />
127-->[androidx.lifecycle:lifecycle-process:2.7.0] AndroidManifest.xml:31:17-49
128            <meta-data
128-->[androidx.profileinstaller:profileinstaller:1.3.0] AndroidManifest.xml:29:13-31:52
129                android:name="androidx.profileinstaller.ProfileInstallerInitializer"
129-->[androidx.profileinstaller:profileinstaller:1.3.0] AndroidManifest.xml:30:17-85
130                android:value="androidx.startup" />
130-->[androidx.profileinstaller:profileinstaller:1.3.0] AndroidManifest.xml:31:17-49
131        </provider>
132
133        <service
133-->[androidx.work:work-runtime:2.9.0] AndroidManifest.xml:39:9-45:35
134            android:name="androidx.work.impl.background.systemalarm.SystemAlarmService"
134-->[androidx.work:work-runtime:2.9.0] AndroidManifest.xml:40:13-88
135            android:directBootAware="false"
135-->[androidx.work:work-runtime:2.9.0] AndroidManifest.xml:41:13-44
136            android:enabled="@bool/enable_system_alarm_service_default"
136-->[androidx.work:work-runtime:2.9.0] AndroidManifest.xml:42:13-72
137            android:exported="false" />
137-->[androidx.work:work-runtime:2.9.0] AndroidManifest.xml:43:13-37
138        <service
138-->[androidx.work:work-runtime:2.9.0] AndroidManifest.xml:46:9-52:35
139            android:name="androidx.work.impl.background.systemjob.SystemJobService"
139-->[androidx.work:work-runtime:2.9.0] AndroidManifest.xml:47:13-84
140            android:directBootAware="false"
140-->[androidx.work:work-runtime:2.9.0] AndroidManifest.xml:48:13-44
141            android:enabled="@bool/enable_system_job_service_default"
141-->[androidx.work:work-runtime:2.9.0] AndroidManifest.xml:49:13-70
142            android:exported="true"
142-->[androidx.work:work-runtime:2.9.0] AndroidManifest.xml:50:13-36
143            android:permission="android.permission.BIND_JOB_SERVICE" />
143-->[androidx.work:work-runtime:2.9.0] AndroidManifest.xml:51:13-69
144        <service
144-->[androidx.work:work-runtime:2.9.0] AndroidManifest.xml:53:9-59:35
145            android:name="androidx.work.impl.foreground.SystemForegroundService"
145-->[androidx.work:work-runtime:2.9.0] AndroidManifest.xml:54:13-81
146            android:directBootAware="false"
146-->[androidx.work:work-runtime:2.9.0] AndroidManifest.xml:55:13-44
147            android:enabled="@bool/enable_system_foreground_service_default"
147-->[androidx.work:work-runtime:2.9.0] AndroidManifest.xml:56:13-77
148            android:exported="false" />
148-->[androidx.work:work-runtime:2.9.0] AndroidManifest.xml:57:13-37
149
150        <receiver
150-->[androidx.work:work-runtime:2.9.0] AndroidManifest.xml:61:9-66:35
151            android:name="androidx.work.impl.utils.ForceStopRunnable$BroadcastReceiver"
151-->[androidx.work:work-runtime:2.9.0] AndroidManifest.xml:62:13-88
152            android:directBootAware="false"
152-->[androidx.work:work-runtime:2.9.0] AndroidManifest.xml:63:13-44
153            android:enabled="true"
153-->[androidx.work:work-runtime:2.9.0] AndroidManifest.xml:64:13-35
154            android:exported="false" />
154-->[androidx.work:work-runtime:2.9.0] AndroidManifest.xml:65:13-37
155        <receiver
155-->[androidx.work:work-runtime:2.9.0] AndroidManifest.xml:67:9-77:20
156            android:name="androidx.work.impl.background.systemalarm.ConstraintProxy$BatteryChargingProxy"
156-->[androidx.work:work-runtime:2.9.0] AndroidManifest.xml:68:13-106
157            android:directBootAware="false"
157-->[androidx.work:work-runtime:2.9.0] AndroidManifest.xml:69:13-44
158            android:enabled="false"
158-->[androidx.work:work-runtime:2.9.0] AndroidManifest.xml:70:13-36
159            android:exported="false" >
159-->[androidx.work:work-runtime:2.9.0] AndroidManifest.xml:71:13-37
160            <intent-filter>
160-->[androidx.work:work-runtime:2.9.0] AndroidManifest.xml:73:13-76:29
161                <action android:name="android.intent.action.ACTION_POWER_CONNECTED" />
161-->[androidx.work:work-runtime:2.9.0] AndroidManifest.xml:74:17-87
161-->[androidx.work:work-runtime:2.9.0] AndroidManifest.xml:74:25-84
162                <action android:name="android.intent.action.ACTION_POWER_DISCONNECTED" />
162-->[androidx.work:work-runtime:2.9.0] AndroidManifest.xml:75:17-90
162-->[androidx.work:work-runtime:2.9.0] AndroidManifest.xml:75:25-87
163            </intent-filter>
164        </receiver>
165        <receiver
165-->[androidx.work:work-runtime:2.9.0] AndroidManifest.xml:78:9-88:20
166            android:name="androidx.work.impl.background.systemalarm.ConstraintProxy$BatteryNotLowProxy"
166-->[androidx.work:work-runtime:2.9.0] AndroidManifest.xml:79:13-104
167            android:directBootAware="false"
167-->[androidx.work:work-runtime:2.9.0] AndroidManifest.xml:80:13-44
168            android:enabled="false"
168-->[androidx.work:work-runtime:2.9.0] AndroidManifest.xml:81:13-36
169            android:exported="false" >
169-->[androidx.work:work-runtime:2.9.0] AndroidManifest.xml:82:13-37
170            <intent-filter>
170-->[androidx.work:work-runtime:2.9.0] AndroidManifest.xml:84:13-87:29
171                <action android:name="android.intent.action.BATTERY_OKAY" />
171-->[androidx.work:work-runtime:2.9.0] AndroidManifest.xml:85:17-77
171-->[androidx.work:work-runtime:2.9.0] AndroidManifest.xml:85:25-74
172                <action android:name="android.intent.action.BATTERY_LOW" />
172-->[androidx.work:work-runtime:2.9.0] AndroidManifest.xml:86:17-76
172-->[androidx.work:work-runtime:2.9.0] AndroidManifest.xml:86:25-73
173            </intent-filter>
174        </receiver>
175        <receiver
175-->[androidx.work:work-runtime:2.9.0] AndroidManifest.xml:89:9-99:20
176            android:name="androidx.work.impl.background.systemalarm.ConstraintProxy$StorageNotLowProxy"
176-->[androidx.work:work-runtime:2.9.0] AndroidManifest.xml:90:13-104
177            android:directBootAware="false"
177-->[androidx.work:work-runtime:2.9.0] AndroidManifest.xml:91:13-44
178            android:enabled="false"
178-->[androidx.work:work-runtime:2.9.0] AndroidManifest.xml:92:13-36
179            android:exported="false" >
179-->[androidx.work:work-runtime:2.9.0] AndroidManifest.xml:93:13-37
180            <intent-filter>
180-->[androidx.work:work-runtime:2.9.0] AndroidManifest.xml:95:13-98:29
181                <action android:name="android.intent.action.DEVICE_STORAGE_LOW" />
181-->[androidx.work:work-runtime:2.9.0] AndroidManifest.xml:96:17-83
181-->[androidx.work:work-runtime:2.9.0] AndroidManifest.xml:96:25-80
182                <action android:name="android.intent.action.DEVICE_STORAGE_OK" />
182-->[androidx.work:work-runtime:2.9.0] AndroidManifest.xml:97:17-82
182-->[androidx.work:work-runtime:2.9.0] AndroidManifest.xml:97:25-79
183            </intent-filter>
184        </receiver>
185        <receiver
185-->[androidx.work:work-runtime:2.9.0] AndroidManifest.xml:100:9-109:20
186            android:name="androidx.work.impl.background.systemalarm.ConstraintProxy$NetworkStateProxy"
186-->[androidx.work:work-runtime:2.9.0] AndroidManifest.xml:101:13-103
187            android:directBootAware="false"
187-->[androidx.work:work-runtime:2.9.0] AndroidManifest.xml:102:13-44
188            android:enabled="false"
188-->[androidx.work:work-runtime:2.9.0] AndroidManifest.xml:103:13-36
189            android:exported="false" >
189-->[androidx.work:work-runtime:2.9.0] AndroidManifest.xml:104:13-37
190            <intent-filter>
190-->[androidx.work:work-runtime:2.9.0] AndroidManifest.xml:106:13-108:29
191                <action android:name="android.net.conn.CONNECTIVITY_CHANGE" />
191-->[androidx.work:work-runtime:2.9.0] AndroidManifest.xml:107:17-79
191-->[androidx.work:work-runtime:2.9.0] AndroidManifest.xml:107:25-76
192            </intent-filter>
193        </receiver>
194        <receiver
194-->[androidx.work:work-runtime:2.9.0] AndroidManifest.xml:110:9-121:20
195            android:name="androidx.work.impl.background.systemalarm.RescheduleReceiver"
195-->[androidx.work:work-runtime:2.9.0] AndroidManifest.xml:111:13-88
196            android:directBootAware="false"
196-->[androidx.work:work-runtime:2.9.0] AndroidManifest.xml:112:13-44
197            android:enabled="false"
197-->[androidx.work:work-runtime:2.9.0] AndroidManifest.xml:113:13-36
198            android:exported="false" >
198-->[androidx.work:work-runtime:2.9.0] AndroidManifest.xml:114:13-37
199            <intent-filter>
199-->[androidx.work:work-runtime:2.9.0] AndroidManifest.xml:116:13-120:29
200                <action android:name="android.intent.action.BOOT_COMPLETED" />
200-->src\main\AndroidManifest.xml:69:17-79
200-->src\main\AndroidManifest.xml:69:25-76
201                <action android:name="android.intent.action.TIME_SET" />
201-->[androidx.work:work-runtime:2.9.0] AndroidManifest.xml:118:17-73
201-->[androidx.work:work-runtime:2.9.0] AndroidManifest.xml:118:25-70
202                <action android:name="android.intent.action.TIMEZONE_CHANGED" />
202-->[androidx.work:work-runtime:2.9.0] AndroidManifest.xml:119:17-81
202-->[androidx.work:work-runtime:2.9.0] AndroidManifest.xml:119:25-78
203            </intent-filter>
204        </receiver>
205        <receiver
205-->[androidx.work:work-runtime:2.9.0] AndroidManifest.xml:122:9-131:20
206            android:name="androidx.work.impl.background.systemalarm.ConstraintProxyUpdateReceiver"
206-->[androidx.work:work-runtime:2.9.0] AndroidManifest.xml:123:13-99
207            android:directBootAware="false"
207-->[androidx.work:work-runtime:2.9.0] AndroidManifest.xml:124:13-44
208            android:enabled="@bool/enable_system_alarm_service_default"
208-->[androidx.work:work-runtime:2.9.0] AndroidManifest.xml:125:13-72
209            android:exported="false" >
209-->[androidx.work:work-runtime:2.9.0] AndroidManifest.xml:126:13-37
210            <intent-filter>
210-->[androidx.work:work-runtime:2.9.0] AndroidManifest.xml:128:13-130:29
211                <action android:name="androidx.work.impl.background.systemalarm.UpdateProxies" />
211-->[androidx.work:work-runtime:2.9.0] AndroidManifest.xml:129:17-98
211-->[androidx.work:work-runtime:2.9.0] AndroidManifest.xml:129:25-95
212            </intent-filter>
213        </receiver>
214        <receiver
214-->[androidx.work:work-runtime:2.9.0] AndroidManifest.xml:132:9-142:20
215            android:name="androidx.work.impl.diagnostics.DiagnosticsReceiver"
215-->[androidx.work:work-runtime:2.9.0] AndroidManifest.xml:133:13-78
216            android:directBootAware="false"
216-->[androidx.work:work-runtime:2.9.0] AndroidManifest.xml:134:13-44
217            android:enabled="true"
217-->[androidx.work:work-runtime:2.9.0] AndroidManifest.xml:135:13-35
218            android:exported="true"
218-->[androidx.work:work-runtime:2.9.0] AndroidManifest.xml:136:13-36
219            android:permission="android.permission.DUMP" >
219-->[androidx.work:work-runtime:2.9.0] AndroidManifest.xml:137:13-57
220            <intent-filter>
220-->[androidx.work:work-runtime:2.9.0] AndroidManifest.xml:139:13-141:29
221                <action android:name="androidx.work.diagnostics.REQUEST_DIAGNOSTICS" />
221-->[androidx.work:work-runtime:2.9.0] AndroidManifest.xml:140:17-88
221-->[androidx.work:work-runtime:2.9.0] AndroidManifest.xml:140:25-85
222            </intent-filter>
223        </receiver>
224
225        <uses-library
225-->[androidx.window:window:1.0.0] AndroidManifest.xml:25:9-27:40
226            android:name="androidx.window.extensions"
226-->[androidx.window:window:1.0.0] AndroidManifest.xml:26:13-54
227            android:required="false" />
227-->[androidx.window:window:1.0.0] AndroidManifest.xml:27:13-37
228        <uses-library
228-->[androidx.window:window:1.0.0] AndroidManifest.xml:28:9-30:40
229            android:name="androidx.window.sidecar"
229-->[androidx.window:window:1.0.0] AndroidManifest.xml:29:13-51
230            android:required="false" />
230-->[androidx.window:window:1.0.0] AndroidManifest.xml:30:13-37
231
232        <service
232-->[androidx.room:room-runtime:2.5.0] AndroidManifest.xml:24:9-28:63
233            android:name="androidx.room.MultiInstanceInvalidationService"
233-->[androidx.room:room-runtime:2.5.0] AndroidManifest.xml:25:13-74
234            android:directBootAware="true"
234-->[androidx.room:room-runtime:2.5.0] AndroidManifest.xml:26:13-43
235            android:exported="false" />
235-->[androidx.room:room-runtime:2.5.0] AndroidManifest.xml:27:13-37
236
237        <receiver
237-->[androidx.profileinstaller:profileinstaller:1.3.0] AndroidManifest.xml:34:9-52:20
238            android:name="androidx.profileinstaller.ProfileInstallReceiver"
238-->[androidx.profileinstaller:profileinstaller:1.3.0] AndroidManifest.xml:35:13-76
239            android:directBootAware="false"
239-->[androidx.profileinstaller:profileinstaller:1.3.0] AndroidManifest.xml:36:13-44
240            android:enabled="true"
240-->[androidx.profileinstaller:profileinstaller:1.3.0] AndroidManifest.xml:37:13-35
241            android:exported="true"
241-->[androidx.profileinstaller:profileinstaller:1.3.0] AndroidManifest.xml:38:13-36
242            android:permission="android.permission.DUMP" >
242-->[androidx.profileinstaller:profileinstaller:1.3.0] AndroidManifest.xml:39:13-57
243            <intent-filter>
243-->[androidx.profileinstaller:profileinstaller:1.3.0] AndroidManifest.xml:40:13-42:29
244                <action android:name="androidx.profileinstaller.action.INSTALL_PROFILE" />
244-->[androidx.profileinstaller:profileinstaller:1.3.0] AndroidManifest.xml:41:17-91
244-->[androidx.profileinstaller:profileinstaller:1.3.0] AndroidManifest.xml:41:25-88
245            </intent-filter>
246            <intent-filter>
246-->[androidx.profileinstaller:profileinstaller:1.3.0] AndroidManifest.xml:43:13-45:29
247                <action android:name="androidx.profileinstaller.action.SKIP_FILE" />
247-->[androidx.profileinstaller:profileinstaller:1.3.0] AndroidManifest.xml:44:17-85
247-->[androidx.profileinstaller:profileinstaller:1.3.0] AndroidManifest.xml:44:25-82
248            </intent-filter>
249            <intent-filter>
249-->[androidx.profileinstaller:profileinstaller:1.3.0] AndroidManifest.xml:46:13-48:29
250                <action android:name="androidx.profileinstaller.action.SAVE_PROFILE" />
250-->[androidx.profileinstaller:profileinstaller:1.3.0] AndroidManifest.xml:47:17-88
250-->[androidx.profileinstaller:profileinstaller:1.3.0] AndroidManifest.xml:47:25-85
251            </intent-filter>
252            <intent-filter>
252-->[androidx.profileinstaller:profileinstaller:1.3.0] AndroidManifest.xml:49:13-51:29
253                <action android:name="androidx.profileinstaller.action.BENCHMARK_OPERATION" />
253-->[androidx.profileinstaller:profileinstaller:1.3.0] AndroidManifest.xml:50:17-95
253-->[androidx.profileinstaller:profileinstaller:1.3.0] AndroidManifest.xml:50:25-92
254            </intent-filter>
255        </receiver>
256    </application>
257
258</manifest>